2024-04-09 11:01:35 - INFO - Generating plot points
2024-04-09 11:01:37 - INFO - Generated plot point 1.2
2024-04-09 11:01:40 - INFO - Generated plot point 1.3
2024-04-09 11:01:44 - INFO - Generated plot point 2.1
2024-04-09 11:01:47 - INFO - Generated plot point 2.2
2024-04-09 11:01:49 - INFO - Generated plot point 2.3
2024-04-09 11:01:53 - INFO - Generated plot point 3.1
2024-04-09 11:01:56 - INFO - Generated plot point 3.2
2024-04-09 11:02:00 - INFO - Generated plot point 3.3
2024-04-09 11:02:00 - INFO - Finished generating plot points
2024-04-09 11:02:00 - INFO - Summarising overall plot
2024-04-09 11:02:07 - INFO - Generating story
2024-04-09 11:02:07 - INFO - Generating plot point 1.1
2024-04-09 11:02:29 - INFO - Generated plot point 1.1
2024-04-09 11:02:29 - INFO - Generating plot point 1.2
2024-04-09 11:02:29 - INFO - Summarising plot point 1.1
2024-04-09 11:02:51 - INFO - Generated plot point 1.2
2024-04-09 11:02:51 - INFO - Generating plot point 1.3
2024-04-09 11:02:51 - INFO - Summarising plot point 1.2
2024-04-09 11:03:17 - INFO - Generated plot point 1.3
2024-04-09 11:03:17 - INFO - Generating plot point 2.1
2024-04-09 11:03:17 - INFO - Summarising plot point 1.3
2024-04-09 11:03:41 - INFO - Generated plot point 2.1
2024-04-09 11:03:41 - INFO - Generating plot point 2.2
2024-04-09 11:03:41 - INFO - Summarising plot point 2.1
2024-04-09 11:04:02 - INFO - Generated plot point 2.2
2024-04-09 11:04:02 - INFO - Generating plot point 2.3
2024-04-09 11:04:02 - INFO - Summarising plot point 2.2
2024-04-09 11:04:29 - INFO - Generated plot point 2.3
2024-04-09 11:04:29 - INFO - Generating plot point 3.1
2024-04-09 11:04:29 - INFO - Summarising plot point 2.3
2024-04-09 11:04:52 - INFO - Generated plot point 3.1
2024-04-09 11:04:52 - INFO - Generating plot point 3.2
2024-04-09 11:04:52 - INFO - Summarising plot point 3.1
2024-04-09 11:05:21 - INFO - Generated plot point 3.2
2024-04-09 11:05:21 - INFO - Generating plot point 3.3
2024-04-09 11:05:21 - INFO - Summarising plot point 3.2
2024-04-09 11:05:48 - INFO - Generated plot point 3.3
2024-04-09 11:05:48 - INFO - Finished generating story
